<!DOCTYPE html PUBLIC "-//W3C//DTD XHTML 1.1//EN" "https://www.w3.org/TR/xhtml11/DTD/xhtml11.dtd">
<html xmlns="https://www.w3.org/1999/xhtml">
<head>
<meta http-equiv="content-type" content="text/html; charset=UTF-8"/>
<title>TestNG Report</title>
<style type="text/css">table {margin-bottom:10px;border-collapse:collapse;empty-cells:show}th,td {border:1px solid #009;padding:.25em .5em}th {vertical-align:bottom}td {vertical-align:top}table a {font-weight:bold}.stripe td {background-color: #E6EBF9}.num {text-align:right}.passedodd td {background-color: #3F3}.passedeven td {background-color: #0A0}.skippedodd td {background-color: #DDD}.skippedeven td {background-color: #CCC}.failedodd td,.attn {background-color: #F33}.failedeven td,.stripe .attn {background-color: #D00}.stacktrace {white-space:pre;font-family:monospace}.totop {font-size:85%;text-align:center;border-bottom:2px solid #000}.invisible {display:none}</style>
</head>
<body>
<table>
<tr><th>Test</th><th># Passed</th><th># Skipped</th><th># Retried</th><th># Failed</th><th>Time (ms)</th><th>Included Groups</th><th>Excluded Groups</th></tr>
<tr><th colspan="8">planit</th></tr>
<tr><td><a href="#t0"> Validate_errors_are_gone </a></td><td class="num">0</td><td class="num">0</td><td class="num">0</td><td class="num attn">1</td><td class="num">30,484</td><td></td><td></td></tr>
<tr class="stripe"><td><a href="#t1"> Validate_errors_invalid_data </a></td><td class="num">0</td><td class="num">0</td><td class="num">0</td><td class="num attn">1</td><td class="num">14,582</td><td></td><td></td></tr>
<tr><td><a href="#t2"> Validate_Successful_Message </a></td><td class="num">0</td><td class="num">0</td><td class="num">0</td><td class="num attn">1</td><td class="num">13,973</td><td></td><td></td></tr>
<tr class="stripe"><td><a href="#t3"> Validate_itemsincart </a></td><td class="num">1</td><td class="num">0</td><td class="num">0</td><td class="num">0</td><td class="num">31,899</td><td></td><td></td></tr>
<tr><th>Total</th><th class="num">1</th><th class="num">0</th><th class="num">0</th><th class="num attn">3</th><th class="num">90,938</th><th colspan="2"></th></tr>
</table>
<table id='summary'><thead><tr><th>Class</th><th>Method</th><th>Start</th><th>Time (ms)</th></tr></thead><tbody><tr><th colspan="4">planit</th></tr></tbody><tbody id="t0"><tr><th colspan="4"> Validate_errors_are_gone  &#8212; failed (configuration methods)</th></tr><tr class="failedeven"><td rowspan="1">automation.testcases.Validate_errors_are_gone</td><td><a href="#m0">closeBrowser</a></td><td rowspan="1">1651409136423</td><td rowspan="1">63</td></tr><tr><th colspan="4"> Validate_errors_are_gone  &#8212; failed</th></tr><tr class="failedeven"><td rowspan="1">automation.testcases.Validate_errors_are_gone</td><td><a href="#m1">validateErrors</a></td><td rowspan="1">1651409136316</td><td rowspan="1">17</td></tr></tbody>
<tbody id="t1"><tr><th colspan="4"> Validate_errors_invalid_data  &#8212; failed (configuration methods)</th></tr><tr class="failedeven"><td rowspan="1">automation.testcases.Validate_errors_invalid_data</td><td><a href="#m2">closeBrowser</a></td><td rowspan="1">1651409151134</td><td rowspan="1">3</td></tr><tr><th colspan="4"> Validate_errors_invalid_data  &#8212; failed</th></tr><tr class="failedeven"><td rowspan="1">automation.testcases.Validate_errors_invalid_data</td><td><a href="#m3">invalidDataErrors</a></td><td rowspan="1">1651409151120</td><td rowspan="1">3</td></tr></tbody>
<tbody id="t2"><tr><th colspan="4"> Validate_Successful_Message  &#8212; failed (configuration methods)</th></tr><tr class="failedeven"><td rowspan="1">automation.testcases.Validate_Successful_Message</td><td><a href="#m4">closeBrowser</a></td><td rowspan="1">1651409165168</td><td rowspan="1">2</td></tr><tr><th colspan="4"> Validate_Successful_Message  &#8212; failed</th></tr><tr class="failedeven"><td rowspan="1">automation.testcases.Validate_Successful_Message</td><td><a href="#m5">validateSuccess</a></td><td rowspan="1">1651409165159</td><td rowspan="1">4</td></tr></tbody>
<tbody id="t3"><tr><th colspan="4"> Validate_itemsincart  &#8212; passed</th></tr><tr class="passedeven"><td rowspan="1">automation.testcases.Verify_itemsincart</td><td><a href="#m6">verifyItemsinCart</a></td><td rowspan="1">1651409189956</td><td rowspan="1">5562</td></tr></tbody>
</table>
<h2> Validate_errors_are_gone </h2><h3 id="m0">automation.testcases.Validate_errors_are_gone#closeBrowser</h3><table class="result"><tr class="param"><th>Parameter #1</th></tr><tr class="param stripe"><td>[TestResult name=validateErrors status=FAILURE method=Validate_errors_are_gone.validateErrors()[pri:1, instance:automation.testcases.Validate_errors_are_gone@117159c0] output={null}]</td></tr><tr><th>Exception</th></tr><tr><td><div class="stacktrace">java.lang.NullPointerException: Cannot invoke &quot;com.aventstack.extentreports.ExtentTest.log(com.aventstack.extentreports.Status, com.aventstack.extentreports.markuputils.Markup)&quot; because &quot;this.test&quot; is null
	at reusablemethods.base.TestBase.closeBrowser(TestBase.java:112)
	at java.base/java.util.ArrayList.forEach(ArrayList.java:1511)
... Removed 32 stack frames</div></td></tr></table><p class="totop"><a href="#summary">back to summary</a></p>
<h3 id="m1">automation.testcases.Validate_errors_are_gone#validateErrors</h3><table class="result"><tr><th>Exception</th></tr><tr><td><div class="stacktrace">java.lang.NullPointerException: Cannot invoke &quot;com.aventstack.extentreports.ExtentReports.createTest(String)&quot; because &quot;this.extent&quot; is null
	at automation.testcases.Validate_errors_are_gone.validateErrors(Validate_errors_are_gone.java:16)
	at java.base/java.util.ArrayList.forEach(ArrayList.java:1511)
... Removed 27 stack frames</div></td></tr></table><p class="totop"><a href="#summary">back to summary</a></p>
<h2> Validate_errors_invalid_data </h2><h3 id="m2">automation.testcases.Validate_errors_invalid_data#closeBrowser</h3><table class="result"><tr class="param"><th>Parameter #1</th></tr><tr class="param stripe"><td>[TestResult name=invalidDataErrors status=FAILURE method=Validate_errors_invalid_data.invalidDataErrors()[pri:3, instance:automation.testcases.Validate_errors_invalid_data@353352b6] output={null}]</td></tr><tr><th>Exception</th></tr><tr><td><div class="stacktrace">java.lang.NullPointerException: Cannot invoke &quot;com.aventstack.extentreports.ExtentTest.log(com.aventstack.extentreports.Status, com.aventstack.extentreports.markuputils.Markup)&quot; because &quot;this.test&quot; is null
	at reusablemethods.base.TestBase.closeBrowser(TestBase.java:112)
	at java.base/java.util.ArrayList.forEach(ArrayList.java:1511)
... Removed 32 stack frames</div></td></tr></table><p class="totop"><a href="#summary">back to summary</a></p>
<h3 id="m3">automation.testcases.Validate_errors_invalid_data#invalidDataErrors</h3><table class="result"><tr><th>Exception</th></tr><tr><td><div class="stacktrace">java.lang.NullPointerException: Cannot invoke &quot;com.aventstack.extentreports.ExtentReports.createTest(String)&quot; because &quot;this.extent&quot; is null
	at automation.testcases.Validate_errors_invalid_data.invalidDataErrors(Validate_errors_invalid_data.java:13)
	at java.base/java.util.ArrayList.forEach(ArrayList.java:1511)
... Removed 27 stack frames</div></td></tr></table><p class="totop"><a href="#summary">back to summary</a></p>
<h2> Validate_Successful_Message </h2><h3 id="m4">automation.testcases.Validate_Successful_Message#closeBrowser</h3><table class="result"><tr class="param"><th>Parameter #1</th></tr><tr class="param stripe"><td>[TestResult name=validateSuccess status=FAILURE method=Validate_Successful_Message.validateSuccess()[pri:2, instance:automation.testcases.Validate_Successful_Message@cecf639] output={null}]</td></tr><tr><th>Exception</th></tr><tr><td><div class="stacktrace">java.lang.NullPointerException: Cannot invoke &quot;com.aventstack.extentreports.ExtentTest.log(com.aventstack.extentreports.Status, com.aventstack.extentreports.markuputils.Markup)&quot; because &quot;this.test&quot; is null
	at reusablemethods.base.TestBase.closeBrowser(TestBase.java:112)
	at java.base/java.util.ArrayList.forEach(ArrayList.java:1511)
... Removed 32 stack frames</div></td></tr></table><p class="totop"><a href="#summary">back to summary</a></p>
<h3 id="m5">automation.testcases.Validate_Successful_Message#validateSuccess</h3><table class="result"><tr><th>Exception</th></tr><tr><td><div class="stacktrace">java.lang.NullPointerException: Cannot invoke &quot;com.aventstack.extentreports.ExtentReports.createTest(String)&quot; because &quot;this.extent&quot; is null
	at automation.testcases.Validate_Successful_Message.validateSuccess(Validate_Successful_Message.java:24)
	at java.base/java.util.ArrayList.forEach(ArrayList.java:1511)
... Removed 27 stack frames</div></td></tr></table><p class="totop"><a href="#summary">back to summary</a></p>
<h2> Validate_itemsincart </h2><h3 id="m6">automation.testcases.Verify_itemsincart#verifyItemsinCart</h3><table class="result"><tr><th class="invisible"/></tr></table><p class="totop"><a href="#summary">back to summary</a></p>
</body>
</html>
